Arguments: 
  D:\nvm\nodejs\node.exe D:\Program Files\nodejs\node_global\node_modules\yarn\bin\yarn.js add @vant/weapp --production

PATH: 
  d:\Program Files\Git\cmd;D:\java\Java8\jdk1.8.0_251\bin;D:\java\Java8\jdk1.8.0_251\jre\bin;D:\nvm\nvm;D:\nvm\nodejs;C:\Windows\system32;C:\Windows;C:\Windows\System32\Wbem;C:\Windows\System32\WindowsPowerShell\v1.0\;C:\Windows\System32\OpenSSH\;c:\Python27;;d:\Program Files (x86)\Tencent\微信web开发者工具\dll;D:\nvm\nvm;D:\nvm\nodejs;D:\Program Files\nodejs\node_global;C:\Users\THINKPAD\AppData\Local\Microsoft\WindowsApps;

Yarn version: 
  1.22.17

Node version: 
  14.18.1

Platform: 
  win32 x64

Trace: 
  Error: certificate has expired
      at TLSSocket.onConnectSecure (_tls_wrap.js:1515:34)
      at TLSSocket.emit (events.js:400:28)
      at TLSSocket._finishInit (_tls_wrap.js:937:8)
      at TLSWrap.ssl.onhandshakedone (_tls_wrap.js:709:12)

npm manifest: 
  No manifest

yarn manifest: 
  No manifest

Lockfile: 
  No lockfile
